Use make V=1 or set BUILD_VERBOSE in your environment to increase build verbosity.
mkdir -p build-VK_RA6M5/genhdr
patch LVGL...
git -C ../../lib/lv_bindings apply --directory lvgl ../../lib/lv_bindings/patch/fix_GC.patch || true
LVGL-GEN build-VK_RA6M5/lvgl/lv_mpy.c
fatal: not a git repository: /home/teodor/vkth_micropython/lib/lv_bindings/../../.git/modules/lib/lv_bindings
GEN build-VK_RA6M5/pins_VK_RA6M5.c
mkdir -p build-VK_RA6M5/boards/VK_RA6M5/ra_gen/
mkdir -p build-VK_RA6M5/build-VK_RA6M5/lvgl/
mkdir -p build-VK_RA6M5/drivers/bus/
mkdir -p build-VK_RA6M5/drivers/dht/
mkdir -p build-VK_RA6M5/drivers/memory/
mkdir -p build-VK_RA6M5/extmod/
mkdir -p build-VK_RA6M5/extmod/mbedtls/
makeversionhdr.py: Warning: No git repo or tag info available, falling back to mpconfig.h version info.
GEN build-VK_RA6M5/genhdr/mpversion.h
mkdir -p build-VK_RA6M5/lib/fsp/ra/fsp/src/bsp/cmsis/Device/RENESAS/Source/
mkdir -p build-VK_RA6M5/lib/fsp/ra/fsp/src/bsp/mcu/all/
mkdir -p build-VK_RA6M5/lib/fsp/ra/fsp/src/r_dtc/
mkdir -p build-VK_RA6M5/lib/fsp/ra/fsp/src/r_ether/
mkdir -p build-VK_RA6M5/lib/fsp/ra/fsp/src/r_ether_phy/
mkdir -p build-VK_RA6M5/lib/fsp/ra/fsp/src/r_ether_phy/targets/ICS1894/
mkdir -p build-VK_RA6M5/lib/fsp/ra/fsp/src/r_flash_hp/
mkdir -p build-VK_RA6M5/lib/fsp/ra/fsp/src/r_ioport/
mkdir -p build-VK_RA6M5/lib/fsp/ra/fsp/src/r_lpm/
mkdir -p build-VK_RA6M5/lib/fsp/ra/fsp/src/r_qspi/
mkdir -p build-VK_RA6M5/lib/fsp/ra/fsp/src/r_sce_protected/crypto_procedures_protected/src/sce9//primitive/
mkdir -p build-VK_RA6M5/lib/fsp/ra/fsp/src/r_sce_protected/crypto_procedures_protected/src/sce9//private/
mkdir -p build-VK_RA6M5/lib/fsp/ra/fsp/src/r_sce_protected/crypto_procedures_protected/src/sce9//public/
mkdir -p build-VK_RA6M5/lib/fsp/ra/fsp/src/r_sci_uart/
mkdir -p build-VK_RA6M5/lib/fsp/ra/fsp/src/r_sdhi/
mkdir -p build-VK_RA6M5/lib/libm/
mkdir -p build-VK_RA6M5/lib/lv_bindings/lvgl/src/core/
mkdir -p build-VK_RA6M5/lib/lv_bindings/lvgl/src/dev/disp/drm/
mkdir -p build-VK_RA6M5/lib/lv_bindings/lvgl/src/dev/disp/fb/
mkdir -p build-VK_RA6M5/lib/lv_bindings/lvgl/src/dev/sdl/
mkdir -p build-VK_RA6M5/lib/lv_bindings/lvgl/src/draw/
mkdir -p build-VK_RA6M5/lib/lv_bindings/lvgl/src/draw/arm2d/
mkdir -p build-VK_RA6M5/lib/lv_bindings/lvgl/src/draw/gd32_ipa/
mkdir -p build-VK_RA6M5/lib/lv_bindings/lvgl/src/draw/nxp/pxp/
mkdir -p build-VK_RA6M5/lib/lv_bindings/lvgl/src/draw/nxp/vglite/
mkdir -p build-VK_RA6M5/lib/lv_bindings/lvgl/src/draw/sdl/
mkdir -p build-VK_RA6M5/lib/lv_bindings/lvgl/src/draw/stm32_dma2d/
mkdir -p build-VK_RA6M5/lib/lv_bindings/lvgl/src/draw/sw/
mkdir -p build-VK_RA6M5/lib/lv_bindings/lvgl/src/draw/swm341_dma2d/
mkdir -p build-VK_RA6M5/lib/lv_bindings/lvgl/src/font/
mkdir -p build-VK_RA6M5/lib/lv_bindings/lvgl/src/hal/
mkdir -p build-VK_RA6M5/lib/lv_bindings/lvgl/src/layouts/flex/
mkdir -p build-VK_RA6M5/lib/lv_bindings/lvgl/src/layouts/grid/
mkdir -p build-VK_RA6M5/lib/lv_bindings/lvgl/src/libs/barcode/
mkdir -p build-VK_RA6M5/lib/lv_bindings/lvgl/src/libs/bmp/
mkdir -p build-VK_RA6M5/lib/lv_bindings/lvgl/src/libs/ffmpeg/
mkdir -p build-VK_RA6M5/lib/lv_bindings/lvgl/src/libs/freetype/
mkdir -p build-VK_RA6M5/lib/lv_bindings/lvgl/src/libs/fsdrv/
mkdir -p build-VK_RA6M5/lib/lv_bindings/lvgl/src/libs/gif/
mkdir -p build-VK_RA6M5/lib/lv_bindings/lvgl/src/libs/png/
mkdir -p build-VK_RA6M5/lib/lv_bindings/lvgl/src/libs/qrcode/
mkdir -p build-VK_RA6M5/lib/lv_bindings/lvgl/src/libs/rlottie/
mkdir -p build-VK_RA6M5/lib/lv_bindings/lvgl/src/libs/sjpg/
mkdir -p build-VK_RA6M5/lib/lv_bindings/lvgl/src/libs/tiny_ttf/
mkdir -p build-VK_RA6M5/lib/lv_bindings/lvgl/src/misc/
mkdir -p build-VK_RA6M5/lib/lv_bindings/lvgl/src/others/file_explorer/
mkdir -p build-VK_RA6M5/lib/lv_bindings/lvgl/src/others/fragment/
mkdir -p build-VK_RA6M5/lib/lv_bindings/lvgl/src/others/gridnav/
mkdir -p build-VK_RA6M5/lib/lv_bindings/lvgl/src/others/ime/
mkdir -p build-VK_RA6M5/lib/lv_bindings/lvgl/src/others/imgfont/
mkdir -p build-VK_RA6M5/lib/lv_bindings/lvgl/src/others/monkey/
mkdir -p build-VK_RA6M5/lib/lv_bindings/lvgl/src/others/msg/
mkdir -p build-VK_RA6M5/lib/lv_bindings/lvgl/src/others/snapshot/
mkdir -p build-VK_RA6M5/lib/lv_bindings/lvgl/src/others/sysmon/
mkdir -p build-VK_RA6M5/lib/lv_bindings/lvgl/src/themes/basic/
mkdir -p build-VK_RA6M5/lib/lv_bindings/lvgl/src/themes/default/
mkdir -p build-VK_RA6M5/lib/lv_bindings/lvgl/src/themes/mono/
mkdir -p build-VK_RA6M5/lib/lv_bindings/lvgl/src/widgets/animimg/
mkdir -p build-VK_RA6M5/lib/lv_bindings/lvgl/src/widgets/arc/
mkdir -p build-VK_RA6M5/lib/lv_bindings/lvgl/src/widgets/bar/
mkdir -p build-VK_RA6M5/lib/lv_bindings/lvgl/src/widgets/btn/
mkdir -p build-VK_RA6M5/lib/lv_bindings/lvgl/src/widgets/btnmatrix/
mkdir -p build-VK_RA6M5/lib/lv_bindings/lvgl/src/widgets/calendar/
mkdir -p build-VK_RA6M5/lib/lv_bindings/lvgl/src/widgets/canvas/
mkdir -p build-VK_RA6M5/lib/lv_bindings/lvgl/src/widgets/chart/
mkdir -p build-VK_RA6M5/lib/lv_bindings/lvgl/src/widgets/checkbox/
mkdir -p build-VK_RA6M5/lib/lv_bindings/lvgl/src/widgets/colorwheel/
mkdir -p build-VK_RA6M5/lib/lv_bindings/lvgl/src/widgets/dropdown/
mkdir -p build-VK_RA6M5/lib/lv_bindings/lvgl/src/widgets/img/
mkdir -p build-VK_RA6M5/lib/lv_bindings/lvgl/src/widgets/imgbtn/
mkdir -p build-VK_RA6M5/lib/lv_bindings/lvgl/src/widgets/keyboard/
mkdir -p build-VK_RA6M5/lib/lv_bindings/lvgl/src/widgets/label/
mkdir -p build-VK_RA6M5/lib/lv_bindings/lvgl/src/widgets/led/
mkdir -p build-VK_RA6M5/lib/lv_bindings/lvgl/src/widgets/line/
mkdir -p build-VK_RA6M5/lib/lv_bindings/lvgl/src/widgets/list/
mkdir -p build-VK_RA6M5/lib/lv_bindings/lvgl/src/widgets/menu/
mkdir -p build-VK_RA6M5/lib/lv_bindings/lvgl/src/widgets/meter/
mkdir -p build-VK_RA6M5/lib/lv_bindings/lvgl/src/widgets/msgbox/
mkdir -p build-VK_RA6M5/lib/lv_bindings/lvgl/src/widgets/objx_templ/
mkdir -p build-VK_RA6M5/lib/lv_bindings/lvgl/src/widgets/roller/
mkdir -p build-VK_RA6M5/lib/lv_bindings/lvgl/src/widgets/slider/
mkdir -p build-VK_RA6M5/lib/lv_bindings/lvgl/src/widgets/span/
mkdir -p build-VK_RA6M5/lib/lv_bindings/lvgl/src/widgets/spinbox/
mkdir -p build-VK_RA6M5/lib/lv_bindings/lvgl/src/widgets/spinner/
mkdir -p build-VK_RA6M5/lib/lv_bindings/lvgl/src/widgets/switch/
mkdir -p build-VK_RA6M5/lib/lv_bindings/lvgl/src/widgets/table/
mkdir -p build-VK_RA6M5/lib/lv_bindings/lvgl/src/widgets/tabview/
mkdir -p build-VK_RA6M5/lib/lv_bindings/lvgl/src/widgets/textarea/
mkdir -p build-VK_RA6M5/lib/lv_bindings/lvgl/src/widgets/tileview/
mkdir -p build-VK_RA6M5/lib/lv_bindings/lvgl/src/widgets/win/
mkdir -p build-VK_RA6M5/lib/lwip/src/apps/mdns/
mkdir -p build-VK_RA6M5/lib/lwip/src/core/
mkdir -p build-VK_RA6M5/lib/lwip/src/core/ipv4/
mkdir -p build-VK_RA6M5/lib/lwip/src/core/ipv6/
mkdir -p build-VK_RA6M5/lib/lwip/src/netif/
mkdir -p build-VK_RA6M5/lib/lwip/src/netif/ppp/
mkdir -p build-VK_RA6M5/lib/lwip/src/netif/ppp/polarssl/
mkdir -p build-VK_RA6M5/lib/mbedtls/library/
mkdir -p build-VK_RA6M5/lib/mbedtls_errors/
mkdir -p build-VK_RA6M5/lib/oofatfs/
mkdir -p build-VK_RA6M5/lib/tinyusb/src/
mkdir -p build-VK_RA6M5/lib/tinyusb/src/class/cdc/
mkdir -p build-VK_RA6M5/lib/tinyusb/src/class/dfu/
mkdir -p build-VK_RA6M5/lib/tinyusb/src/class/hid/
mkdir -p build-VK_RA6M5/lib/tinyusb/src/class/midi/
mkdir -p build-VK_RA6M5/lib/tinyusb/src/class/msc/
mkdir -p build-VK_RA6M5/lib/tinyusb/src/class/usbtmc/
mkdir -p build-VK_RA6M5/lib/tinyusb/src/class/vendor/
mkdir -p build-VK_RA6M5/lib/tinyusb/src/common/
mkdir -p build-VK_RA6M5/lib/tinyusb/src/device/
mkdir -p build-VK_RA6M5/lib/tinyusb/src/portable/renesas/rusb2/
mkdir -p build-VK_RA6M5/mbedtls/
mkdir -p build-VK_RA6M5/py/
mkdir -p build-VK_RA6M5/ra/
mkdir -p build-VK_RA6M5/shared/libc/
mkdir -p build-VK_RA6M5/shared/netutils/
mkdir -p build-VK_RA6M5/shared/readline/
mkdir -p build-VK_RA6M5/shared/runtime/
mkdir -p build-VK_RA6M5/shared/timeutils/
mkdir -p build-VK_RA6M5/shared/tinyusb/
GEN build-VK_RA6M5/genhdr/qstr.i.last
GEN build-VK_RA6M5/genhdr/qstr.split
GEN build-VK_RA6M5/genhdr/moduledefs.split
GEN build-VK_RA6M5/genhdr/root_pointers.split
GEN build-VK_RA6M5/genhdr/compressed.split
GEN build-VK_RA6M5/genhdr/compressed.collected
GEN build-VK_RA6M5/genhdr/moduledefs.collected
Compressed data updated
GEN build-VK_RA6M5/genhdr/compressed.data.h
Module registrations updated
GEN build-VK_RA6M5/genhdr/qstrdefs.collected.h
GEN build-VK_RA6M5/genhdr/moduledefs.h
GEN build-VK_RA6M5/genhdr/root_pointers.collected
QSTR updated
Root pointer registrations updated
GEN build-VK_RA6M5/genhdr/qstrdefs.generated.h
GEN build-VK_RA6M5/genhdr/root_pointers.h
CC ../../py/mpstate.c
CC ../../py/nlr.c
CC ../../py/nlrx86.c
CC ../../py/nlrx64.c
CC ../../py/nlrthumb.c
CC ../../py/nlraarch64.c
CC ../../py/nlrmips.c
CC ../../py/nlrpowerpc.c
CC ../../py/nlrxtensa.c
CC ../../py/nlrrv32.c
CC ../../py/nlrrv64.c
CC ../../py/nlrsetjmp.c
CC ../../py/malloc.c
CC ../../py/gc.c
CC ../../py/pystack.c
CC ../../py/qstr.c
CC ../../py/vstr.c
CC ../../py/mpprint.c
CC ../../py/unicode.c
CC ../../py/mpz.c
CC ../../py/reader.c
CC ../../py/lexer.c
CC ../../py/parse.c
CC ../../py/scope.c
CC ../../py/compile.c
CC ../../py/emitcommon.c
CC ../../py/emitbc.c
CC ../../py/asmbase.c
CC ../../py/asmx64.c
CC ../../py/emitnx64.c
CC ../../py/asmx86.c
CC ../../py/emitnx86.c
CC ../../py/asmthumb.c
CC ../../py/emitnthumb.c
CC ../../py/emitinlinethumb.c
CC ../../py/asmarm.c
CC ../../py/emitnarm.c
CC ../../py/asmxtensa.c
CC ../../py/emitnxtensa.c
CC ../../py/emitinlinextensa.c
CC ../../py/emitnxtensawin.c
CC ../../py/asmrv32.c
CC ../../py/emitnrv32.c
CC ../../py/emitndebug.c
CC ../../py/formatfloat.c
CC ../../py/parsenumbase.c
CC ../../py/parsenum.c
CC ../../py/emitglue.c
CC ../../py/persistentcode.c
CC ../../py/runtime.c
CC ../../py/runtime_utils.c
CC ../../py/scheduler.c
CC ../../py/nativeglue.c
CC ../../py/pairheap.c
CC ../../py/ringbuf.c
CC ../../py/cstack.c
CC ../../py/stackctrl.c
CC ../../py/argcheck.c
CC ../../py/warning.c
CC ../../py/profile.c
CC ../../py/map.c
CC ../../py/obj.c
CC ../../py/objarray.c
CC ../../py/objattrtuple.c
CC ../../py/objbool.c
CC ../../py/objboundmeth.c
CC ../../py/objcell.c
CC ../../py/objclosure.c
CC ../../py/objcomplex.c
CC ../../py/objdeque.c
CC ../../py/objdict.c
CC ../../py/objenumerate.c
CC ../../py/objexcept.c
CC ../../py/objfilter.c
CC ../../py/objfloat.c
CC ../../py/objfun.c
CC ../../py/objgenerator.c
CC ../../py/objgetitemiter.c
CC ../../py/objint.c
CC ../../py/objint_longlong.c
CC ../../py/objint_mpz.c
CC ../../py/objlist.c
CC ../../py/objmap.c
CC ../../py/objmodule.c
CC ../../py/objobject.c
CC ../../py/objpolyiter.c
CC ../../py/objproperty.c
CC ../../py/objnone.c
CC ../../py/objnamedtuple.c
CC ../../py/objrange.c
CC ../../py/objreversed.c
CC ../../py/objringio.c
CC ../../py/objset.c
CC ../../py/objsingleton.c
CC ../../py/objslice.c
CC ../../py/objstr.c
CC ../../py/objstrunicode.c
CC ../../py/objstringio.c
CC ../../py/objtuple.c
CC ../../py/objtype.c
CC ../../py/objzip.c
CC ../../py/opmethods.c
CC ../../py/sequence.c
CC ../../py/stream.c
CC ../../py/binary.c
CC ../../py/builtinimport.c
CC ../../py/builtinevex.c
CC ../../py/builtinhelp.c
CC ../../py/modarray.c
CC ../../py/modbuiltins.c
CC ../../py/modcollections.c
CC ../../py/modgc.c
CC ../../py/modio.c
CC ../../py/modmath.c
CC ../../py/modcmath.c
CC ../../py/modmicropython.c
CC ../../py/modstruct.c
CC ../../py/modsys.c
CC ../../py/moderrno.c
CC ../../py/modthread.c
CC ../../py/vm.c
CC ../../py/bc.c
CC ../../py/showbc.c
CC ../../py/repl.c
CC ../../py/smallint.c
CC ../../py/frozenmod.c
CC build-VK_RA6M5/lvgl/lv_mpy.c
CC ../../extmod/machine_adc.c
MPY asyncio/__init__.py
MPY asyncio/core.py
MPY asyncio/event.py
MPY asyncio/funcs.py
MPY asyncio/lock.py
MPY asyncio/stream.py
MPY uasyncio.py
MPY dht.py
MPY onewire.py
GEN build-VK_RA6M5/frozen_content.c
CC ../../extmod/machine_adc_block.c
CC ../../extmod/machine_bitstream.c
CC ../../extmod/machine_i2c.c
CC ../../extmod/machine_i2s.c
CC ../../extmod/machine_mem.c
CC ../../extmod/machine_pinbase.c
CC ../../extmod/machine_pulse.c
CC ../../extmod/machine_pwm.c
CC ../../extmod/machine_signal.c
CC ../../extmod/machine_spi.c
CC ../../extmod/machine_timer.c
CC ../../extmod/machine_uart.c
CC ../../extmod/machine_usb_device.c
CC ../../extmod/machine_wdt.c
CC ../../extmod/modasyncio.c
CC ../../extmod/modbinascii.c
CC ../../extmod/modbluetooth.c
CC ../../extmod/modbtree.c
CC ../../extmod/modcryptolib.c
CC ../../extmod/moddeflate.c
CC ../../extmod/modframebuf.c
CC ../../extmod/modhashlib.c
CC ../../extmod/modheapq.c
CC ../../extmod/modjson.c
CC ../../extmod/modlwip.c
CC ../../extmod/modmachine.c
CC ../../extmod/modnetwork.c
CC ../../extmod/modonewire.c
CC ../../extmod/modopenamp.c
CC ../../extmod/modopenamp_remoteproc.c
CC ../../extmod/modopenamp_remoteproc_store.c
CC ../../extmod/modos.c
CC ../../extmod/modplatform.c
CC ../../extmod/modrandom.c
CC ../../extmod/modre.c
CC ../../extmod/modselect.c
CC ../../extmod/modsocket.c
CC ../../extmod/modtls_axtls.c
CC ../../extmod/modtls_mbedtls.c
CC ../../extmod/mbedtls/mbedtls_alt.c
CC ../../extmod/modtime.c
CC ../../extmod/moductypes.c
CC ../../extmod/modvfs.c
CC ../../extmod/modwebrepl.c
CC ../../extmod/modwebsocket.c
CC ../../extmod/network_cyw43.c
CC ../../extmod/network_esp_hosted.c
CC ../../extmod/network_lwip.c
CC ../../extmod/network_ninaw10.c
CC ../../extmod/network_ppp_lwip.c
CC ../../extmod/network_wiznet5k.c
CC ../../extmod/os_dupterm.c
CC ../../extmod/vfs.c
CC ../../extmod/vfs_blockdev.c
CC ../../extmod/vfs_fat.c
CC ../../extmod/vfs_fat_diskio.c
CC ../../extmod/vfs_fat_file.c
CC ../../extmod/vfs_lfs.c
CC ../../extmod/vfs_posix.c
CC ../../extmod/vfs_posix_file.c
CC ../../extmod/vfs_reader.c
CC ../../extmod/virtpin.c
CC ../../shared/libc/abort_.c
CC ../../shared/libc/printf.c
CC ../../lib/lv_bindings/lvgl/src/core/lv_disp.c
CC ../../lib/lv_bindings/lvgl/src/core/lv_group.c
CC ../../lib/lv_bindings/lvgl/src/core/lv_indev.c
CC ../../lib/lv_bindings/lvgl/src/core/lv_indev_scroll.c
CC ../../lib/lv_bindings/lvgl/src/core/lv_obj.c
CC ../../lib/lv_bindings/lvgl/src/core/lv_obj_class.c
CC ../../lib/lv_bindings/lvgl/src/core/lv_obj_draw.c
CC ../../lib/lv_bindings/lvgl/src/core/lv_obj_event.c
CC ../../lib/lv_bindings/lvgl/src/core/lv_obj_pos.c
CC ../../lib/lv_bindings/lvgl/src/core/lv_obj_scroll.c
CC ../../lib/lv_bindings/lvgl/src/core/lv_obj_style.c
CC ../../lib/lv_bindings/lvgl/src/core/lv_obj_style_gen.c
CC ../../lib/lv_bindings/lvgl/src/core/lv_obj_tree.c
CC ../../lib/lv_bindings/lvgl/src/core/lv_refr.c
CC ../../lib/lv_bindings/lvgl/src/core/lv_theme.c
CC ../../lib/lv_bindings/lvgl/src/dev/disp/drm/lv_linux_drm.c
CC ../../lib/lv_bindings/lvgl/src/dev/disp/fb/lv_linux_fbdev.c
CC ../../lib/lv_bindings/lvgl/src/dev/sdl/lv_sdl_keyboard.c
CC ../../lib/lv_bindings/lvgl/src/dev/sdl/lv_sdl_mouse.c
CC ../../lib/lv_bindings/lvgl/src/dev/sdl/lv_sdl_mousewheel.c
CC ../../lib/lv_bindings/lvgl/src/dev/sdl/lv_sdl_window.c
CC ../../lib/lv_bindings/lvgl/src/draw/arm2d/lv_gpu_arm2d.c
CC ../../lib/lv_bindings/lvgl/src/draw/gd32_ipa/lv_gpu_gd32_ipa.c
CC ../../lib/lv_bindings/lvgl/src/draw/lv_draw.c
CC ../../lib/lv_bindings/lvgl/src/draw/lv_draw_arc.c
CC ../../lib/lv_bindings/lvgl/src/draw/lv_draw_img.c
CC ../../lib/lv_bindings/lvgl/src/draw/lv_draw_label.c
CC ../../lib/lv_bindings/lvgl/src/draw/lv_draw_layer.c
CC ../../lib/lv_bindings/lvgl/src/draw/lv_draw_line.c
CC ../../lib/lv_bindings/lvgl/src/draw/lv_draw_mask.c
CC ../../lib/lv_bindings/lvgl/src/draw/lv_draw_rect.c
CC ../../lib/lv_bindings/lvgl/src/draw/lv_draw_transform.c
CC ../../lib/lv_bindings/lvgl/src/draw/lv_draw_triangle.c
CC ../../lib/lv_bindings/lvgl/src/draw/lv_img_buf.c
CC ../../lib/lv_bindings/lvgl/src/draw/lv_img_cache.c
CC ../../lib/lv_bindings/lvgl/src/draw/lv_img_cache_builtin.c
CC ../../lib/lv_bindings/lvgl/src/draw/lv_img_decoder.c
CC ../../lib/lv_bindings/lvgl/src/draw/nxp/pxp/lv_draw_pxp.c
CC ../../lib/lv_bindings/lvgl/src/draw/nxp/pxp/lv_draw_pxp_blend.c
CC ../../lib/lv_bindings/lvgl/src/draw/nxp/pxp/lv_gpu_nxp_pxp.c
CC ../../lib/lv_bindings/lvgl/src/draw/nxp/pxp/lv_gpu_nxp_pxp_osa.c
CC ../../lib/lv_bindings/lvgl/src/draw/nxp/vglite/lv_draw_vglite.c
CC ../../lib/lv_bindings/lvgl/src/draw/nxp/vglite/lv_draw_vglite_arc.c
CC ../../lib/lv_bindings/lvgl/src/draw/nxp/vglite/lv_draw_vglite_blend.c
CC ../../lib/lv_bindings/lvgl/src/draw/nxp/vglite/lv_draw_vglite_line.c
CC ../../lib/lv_bindings/lvgl/src/draw/nxp/vglite/lv_draw_vglite_rect.c
CC ../../lib/lv_bindings/lvgl/src/draw/nxp/vglite/lv_vglite_buf.c
CC ../../lib/lv_bindings/lvgl/src/draw/nxp/vglite/lv_vglite_utils.c
CC ../../lib/lv_bindings/lvgl/src/draw/sdl/lv_draw_sdl.c
CC ../../lib/lv_bindings/lvgl/src/draw/sdl/lv_draw_sdl_arc.c
CC ../../lib/lv_bindings/lvgl/src/draw/sdl/lv_draw_sdl_bg.c
CC ../../lib/lv_bindings/lvgl/src/draw/sdl/lv_draw_sdl_composite.c
CC ../../lib/lv_bindings/lvgl/src/draw/sdl/lv_draw_sdl_img.c
CC ../../lib/lv_bindings/lvgl/src/draw/sdl/lv_draw_sdl_label.c
CC ../../lib/lv_bindings/lvgl/src/draw/sdl/lv_draw_sdl_layer.c
CC ../../lib/lv_bindings/lvgl/src/draw/sdl/lv_draw_sdl_line.c
CC ../../lib/lv_bindings/lvgl/src/draw/sdl/lv_draw_sdl_mask.c
CC ../../lib/lv_bindings/lvgl/src/draw/sdl/lv_draw_sdl_polygon.c
CC ../../lib/lv_bindings/lvgl/src/draw/sdl/lv_draw_sdl_rect.c
CC ../../lib/lv_bindings/lvgl/src/draw/sdl/lv_draw_sdl_stack_blur.c
CC ../../lib/lv_bindings/lvgl/src/draw/sdl/lv_draw_sdl_texture_cache.c
CC ../../lib/lv_bindings/lvgl/src/draw/sdl/lv_draw_sdl_utils.c
CC ../../lib/lv_bindings/lvgl/src/draw/stm32_dma2d/lv_gpu_stm32_dma2d.c
CC ../../lib/lv_bindings/lvgl/src/draw/sw/lv_draw_sw.c
CC ../../lib/lv_bindings/lvgl/src/draw/sw/lv_draw_sw_arc.c
CC ../../lib/lv_bindings/lvgl/src/draw/sw/lv_draw_sw_blend.c
CC ../../lib/lv_bindings/lvgl/src/draw/sw/lv_draw_sw_dither.c
CC ../../lib/lv_bindings/lvgl/src/draw/sw/lv_draw_sw_gradient.c
CC ../../lib/lv_bindings/lvgl/src/draw/sw/lv_draw_sw_img.c
CC ../../lib/lv_bindings/lvgl/src/draw/sw/lv_draw_sw_layer.c
CC ../../lib/lv_bindings/lvgl/src/draw/sw/lv_draw_sw_letter.c
CC ../../lib/lv_bindings/lvgl/src/draw/sw/lv_draw_sw_line.c
CC ../../lib/lv_bindings/lvgl/src/draw/sw/lv_draw_sw_polygon.c
CC ../../lib/lv_bindings/lvgl/src/draw/sw/lv_draw_sw_rect.c
CC ../../lib/lv_bindings/lvgl/src/draw/sw/lv_draw_sw_transform.c
CC ../../lib/lv_bindings/lvgl/src/draw/swm341_dma2d/lv_gpu_swm341_dma2d.c
CC ../../lib/lv_bindings/lvgl/src/font/lv_font.c
CC ../../lib/lv_bindings/lvgl/src/font/lv_font_dejavu_16_persian_hebrew.c
CC ../../lib/lv_bindings/lvgl/src/font/lv_font_fmt_txt.c
CC ../../lib/lv_bindings/lvgl/src/font/lv_font_loader.c
CC ../../lib/lv_bindings/lvgl/src/font/lv_font_montserrat_10.c
CC ../../lib/lv_bindings/lvgl/src/font/lv_font_montserrat_12.c
CC ../../lib/lv_bindings/lvgl/src/font/lv_font_montserrat_12_subpx.c
CC ../../lib/lv_bindings/lvgl/src/font/lv_font_montserrat_14.c
CC ../../lib/lv_bindings/lvgl/src/font/lv_font_montserrat_16.c
CC ../../lib/lv_bindings/lvgl/src/font/lv_font_montserrat_18.c
CC ../../lib/lv_bindings/lvgl/src/font/lv_font_montserrat_20.c
CC ../../lib/lv_bindings/lvgl/src/font/lv_font_montserrat_22.c
CC ../../lib/lv_bindings/lvgl/src/font/lv_font_montserrat_24.c
CC ../../lib/lv_bindings/lvgl/src/font/lv_font_montserrat_26.c
CC ../../lib/lv_bindings/lvgl/src/font/lv_font_montserrat_28.c
CC ../../lib/lv_bindings/lvgl/src/font/lv_font_montserrat_28_compressed.c
CC ../../lib/lv_bindings/lvgl/src/font/lv_font_montserrat_30.c
CC ../../lib/lv_bindings/lvgl/src/font/lv_font_montserrat_32.c
CC ../../lib/lv_bindings/lvgl/src/font/lv_font_montserrat_34.c
CC ../../lib/lv_bindings/lvgl/src/font/lv_font_montserrat_36.c
CC ../../lib/lv_bindings/lvgl/src/font/lv_font_montserrat_38.c
CC ../../lib/lv_bindings/lvgl/src/font/lv_font_montserrat_40.c
CC ../../lib/lv_bindings/lvgl/src/font/lv_font_montserrat_42.c
CC ../../lib/lv_bindings/lvgl/src/font/lv_font_montserrat_44.c
CC ../../lib/lv_bindings/lvgl/src/font/lv_font_montserrat_46.c
CC ../../lib/lv_bindings/lvgl/src/font/lv_font_montserrat_48.c
CC ../../lib/lv_bindings/lvgl/src/font/lv_font_montserrat_8.c
CC ../../lib/lv_bindings/lvgl/src/font/lv_font_simsun_16_cjk.c
CC ../../lib/lv_bindings/lvgl/src/font/lv_font_unscii_16.c
CC ../../lib/lv_bindings/lvgl/src/font/lv_font_unscii_8.c
CC ../../lib/lv_bindings/lvgl/src/hal/lv_hal_tick.c
CC ../../lib/lv_bindings/lvgl/src/layouts/flex/lv_flex.c
CC ../../lib/lv_bindings/lvgl/src/layouts/grid/lv_grid.c
CC ../../lib/lv_bindings/lvgl/src/libs/barcode/code128.c
CC ../../lib/lv_bindings/lvgl/src/libs/barcode/lv_barcode.c
CC ../../lib/lv_bindings/lvgl/src/libs/bmp/lv_bmp.c
CC ../../lib/lv_bindings/lvgl/src/libs/ffmpeg/lv_ffmpeg.c
CC ../../lib/lv_bindings/lvgl/src/libs/freetype/lv_freetype.c
CC ../../lib/lv_bindings/lvgl/src/libs/freetype/lv_ftsystem.c
CC ../../lib/lv_bindings/lvgl/src/libs/fsdrv/lv_fs_cbfs.c
CC ../../lib/lv_bindings/lvgl/src/libs/fsdrv/lv_fs_fatfs.c
CC ../../lib/lv_bindings/lvgl/src/libs/fsdrv/lv_fs_posix.c
CC ../../lib/lv_bindings/lvgl/src/libs/fsdrv/lv_fs_stdio.c
CC ../../lib/lv_bindings/lvgl/src/libs/fsdrv/lv_fs_win32.c
CC ../../lib/lv_bindings/lvgl/src/libs/gif/gifdec.c
CC ../../lib/lv_bindings/lvgl/src/libs/gif/lv_gif.c
CC ../../lib/lv_bindings/lvgl/src/libs/png/lodepng.c
CC ../../lib/lv_bindings/lvgl/src/libs/png/lv_png.c
CC ../../lib/lv_bindings/lvgl/src/libs/qrcode/lv_qrcode.c
CC ../../lib/lv_bindings/lvgl/src/libs/qrcode/qrcodegen.c
CC ../../lib/lv_bindings/lvgl/src/libs/rlottie/lv_rlottie.c
CC ../../lib/lv_bindings/lvgl/src/libs/sjpg/lv_sjpg.c
CC ../../lib/lv_bindings/lvgl/src/libs/sjpg/tjpgd.c
CC ../../lib/lv_bindings/lvgl/src/libs/tiny_ttf/lv_tiny_ttf.c
CC ../../lib/lv_bindings/lvgl/src/misc/lv_anim.c
CC ../../lib/lv_bindings/lvgl/src/misc/lv_anim_timeline.c
CC ../../lib/lv_bindings/lvgl/src/misc/lv_area.c
CC ../../lib/lv_bindings/lvgl/src/misc/lv_async.c
CC ../../lib/lv_bindings/lvgl/src/misc/lv_bidi.c
CC ../../lib/lv_bindings/lvgl/src/misc/lv_color.c
CC ../../lib/lv_bindings/lvgl/src/misc/lv_event.c
CC ../../lib/lv_bindings/lvgl/src/misc/lv_fs.c
CC ../../lib/lv_bindings/lvgl/src/misc/lv_gc.c
CC ../../lib/lv_bindings/lvgl/src/misc/lv_ll.c
CC ../../lib/lv_bindings/lvgl/src/misc/lv_log.c
CC ../../lib/lv_bindings/lvgl/src/misc/lv_lru.c
CC ../../lib/lv_bindings/lvgl/src/misc/lv_malloc_builtin.c
CC ../../lib/lv_bindings/lvgl/src/misc/lv_math.c
CC ../../lib/lv_bindings/lvgl/src/misc/lv_mem.c
CC ../../lib/lv_bindings/lvgl/src/misc/lv_memcpy_builtin.c
CC ../../lib/lv_bindings/lvgl/src/misc/lv_printf.c
CC ../../lib/lv_bindings/lvgl/src/misc/lv_profiler_builtin.c
CC ../../lib/lv_bindings/lvgl/src/misc/lv_style.c
CC ../../lib/lv_bindings/lvgl/src/misc/lv_style_gen.c
CC ../../lib/lv_bindings/lvgl/src/misc/lv_templ.c
CC ../../lib/lv_bindings/lvgl/src/misc/lv_timer.c
CC ../../lib/lv_bindings/lvgl/src/misc/lv_tlsf.c
CC ../../lib/lv_bindings/lvgl/src/misc/lv_txt.c
CC ../../lib/lv_bindings/lvgl/src/misc/lv_txt_ap.c
CC ../../lib/lv_bindings/lvgl/src/misc/lv_utils.c
CC ../../lib/lv_bindings/lvgl/src/others/file_explorer/lv_file_explorer.c
CC ../../lib/lv_bindings/lvgl/src/others/fragment/lv_fragment.c
CC ../../lib/lv_bindings/lvgl/src/others/fragment/lv_fragment_manager.c
CC ../../lib/lv_bindings/lvgl/src/others/gridnav/lv_gridnav.c
CC ../../lib/lv_bindings/lvgl/src/others/ime/lv_ime_pinyin.c
CC ../../lib/lv_bindings/lvgl/src/others/imgfont/lv_imgfont.c
CC ../../lib/lv_bindings/lvgl/src/others/monkey/lv_monkey.c
CC ../../lib/lv_bindings/lvgl/src/others/msg/lv_msg.c
CC ../../lib/lv_bindings/lvgl/src/others/snapshot/lv_snapshot.c
CC ../../lib/lv_bindings/lvgl/src/others/sysmon/lv_sysmon.c
CC ../../lib/lv_bindings/lvgl/src/themes/basic/lv_theme_basic.c
CC ../../lib/lv_bindings/lvgl/src/themes/default/lv_theme_default.c
CC ../../lib/lv_bindings/lvgl/src/themes/mono/lv_theme_mono.c
CC ../../lib/lv_bindings/lvgl/src/widgets/animimg/lv_animimg.c
CC ../../lib/lv_bindings/lvgl/src/widgets/arc/lv_arc.c
CC ../../lib/lv_bindings/lvgl/src/widgets/bar/lv_bar.c
CC ../../lib/lv_bindings/lvgl/src/widgets/btn/lv_btn.c
CC ../../lib/lv_bindings/lvgl/src/widgets/btnmatrix/lv_btnmatrix.c
CC ../../lib/lv_bindings/lvgl/src/widgets/calendar/lv_calendar.c
CC ../../lib/lv_bindings/lvgl/src/widgets/calendar/lv_calendar_header_arrow.c
CC ../../lib/lv_bindings/lvgl/src/widgets/calendar/lv_calendar_header_dropdown.c
CC ../../lib/lv_bindings/lvgl/src/widgets/canvas/lv_canvas.c
CC ../../lib/lv_bindings/lvgl/src/widgets/chart/lv_chart.c
CC ../../lib/lv_bindings/lvgl/src/widgets/checkbox/lv_checkbox.c
CC ../../lib/lv_bindings/lvgl/src/widgets/colorwheel/lv_colorwheel.c
CC ../../lib/lv_bindings/lvgl/src/widgets/dropdown/lv_dropdown.c
CC ../../lib/lv_bindings/lvgl/src/widgets/img/lv_img.c
CC ../../lib/lv_bindings/lvgl/src/widgets/imgbtn/lv_imgbtn.c
CC ../../lib/lv_bindings/lvgl/src/widgets/keyboard/lv_keyboard.c
CC ../../lib/lv_bindings/lvgl/src/widgets/label/lv_label.c
CC ../../lib/lv_bindings/lvgl/src/widgets/led/lv_led.c
CC ../../lib/lv_bindings/lvgl/src/widgets/line/lv_line.c
CC ../../lib/lv_bindings/lvgl/src/widgets/list/lv_list.c
CC ../../lib/lv_bindings/lvgl/src/widgets/menu/lv_menu.c
CC ../../lib/lv_bindings/lvgl/src/widgets/meter/lv_meter.c
CC ../../lib/lv_bindings/lvgl/src/widgets/msgbox/lv_msgbox.c
CC ../../lib/lv_bindings/lvgl/src/widgets/objx_templ/lv_objx_templ.c
CC ../../lib/lv_bindings/lvgl/src/widgets/roller/lv_roller.c
CC ../../lib/lv_bindings/lvgl/src/widgets/slider/lv_slider.c
CC ../../lib/lv_bindings/lvgl/src/widgets/span/lv_span.c
CC ../../lib/lv_bindings/lvgl/src/widgets/spinbox/lv_spinbox.c
CC ../../lib/lv_bindings/lvgl/src/widgets/spinner/lv_spinner.c
CC ../../lib/lv_bindings/lvgl/src/widgets/switch/lv_switch.c
CC ../../lib/lv_bindings/lvgl/src/widgets/table/lv_table.c
CC ../../lib/lv_bindings/lvgl/src/widgets/tabview/lv_tabview.c
CC ../../lib/lv_bindings/lvgl/src/widgets/textarea/lv_textarea.c
CC ../../lib/lv_bindings/lvgl/src/widgets/tileview/lv_tileview.c
CC ../../lib/lv_bindings/lvgl/src/widgets/win/lv_win.c
CC ../../lib/oofatfs/ff.c
CC ../../lib/oofatfs/ffunicode.c
CC ../../lib/mbedtls_errors/mp_mbedtls_errors.c
CC ../../lib/mbedtls/library/aes.c
CC ../../lib/mbedtls/library/aesni.c
CC ../../lib/mbedtls/library/asn1parse.c
CC ../../lib/mbedtls/library/asn1write.c
CC ../../lib/mbedtls/library/base64.c
CC ../../lib/mbedtls/library/bignum_core.c
CC ../../lib/mbedtls/library/bignum_mod.c
CC ../../lib/mbedtls/library/bignum_mod_raw.c
CC ../../lib/mbedtls/library/bignum.c
CC ../../lib/mbedtls/library/camellia.c
CC ../../lib/mbedtls/library/ccm.c
CC ../../lib/mbedtls/library/chacha20.c
CC ../../lib/mbedtls/library/chachapoly.c
CC ../../lib/mbedtls/library/cipher.c
CC ../../lib/mbedtls/library/cipher_wrap.c
CC ../../lib/mbedtls/library/nist_kw.c
CC ../../lib/mbedtls/library/aria.c
CC ../../lib/mbedtls/library/cmac.c
CC ../../lib/mbedtls/library/constant_time.c
CC ../../lib/mbedtls/library/mps_reader.c
CC ../../lib/mbedtls/library/mps_trace.c
CC ../../lib/mbedtls/library/ctr_drbg.c
CC ../../lib/mbedtls/library/debug.c
CC ../../lib/mbedtls/library/des.c
CC ../../lib/mbedtls/library/dhm.c
CC ../../lib/mbedtls/library/ecdh.c
CC ../../lib/mbedtls/library/ecdsa.c
CC ../../lib/mbedtls/library/ecjpake.c
CC ../../lib/mbedtls/library/ecp.c
CC ../../lib/mbedtls/library/ecp_curves.c
CC ../../lib/mbedtls/library/entropy.c
CC ../../lib/mbedtls/library/entropy_poll.c
CC ../../lib/mbedtls/library/gcm.c
CC ../../lib/mbedtls/library/hmac_drbg.c
CC ../../lib/mbedtls/library/md5.c
CC ../../lib/mbedtls/library/md.c
CC ../../lib/mbedtls/library/oid.c
CC ../../lib/mbedtls/library/padlock.c
CC ../../lib/mbedtls/library/pem.c
CC ../../lib/mbedtls/library/pk.c
CC ../../lib/mbedtls/library/pkcs12.c
CC ../../lib/mbedtls/library/pkcs5.c
CC ../../lib/mbedtls/library/pkparse.c
CC ../../lib/mbedtls/library/pk_wrap.c
CC ../../lib/mbedtls/library/pkwrite.c
CC ../../lib/mbedtls/library/platform.c
CC ../../lib/mbedtls/library/platform_util.c
CC ../../lib/mbedtls/library/poly1305.c
CC ../../lib/mbedtls/library/ripemd160.c
CC ../../lib/mbedtls/library/rsa.c
CC ../../lib/mbedtls/library/rsa_alt_helpers.c
CC ../../lib/mbedtls/library/sha1.c
CC ../../lib/mbedtls/library/sha256.c
CC ../../lib/mbedtls/library/sha512.c
CC ../../lib/mbedtls/library/ssl_cache.c
CC ../../lib/mbedtls/library/ssl_ciphersuites.c
CC ../../lib/mbedtls/library/ssl_client.c
CC ../../lib/mbedtls/library/ssl_cookie.c
CC ../../lib/mbedtls/library/ssl_debug_helpers_generated.c
CC ../../lib/mbedtls/library/ssl_msg.c
CC ../../lib/mbedtls/library/ssl_ticket.c
CC ../../lib/mbedtls/library/ssl_tls.c
CC ../../lib/mbedtls/library/ssl_tls12_client.c
CC ../../lib/mbedtls/library/ssl_tls12_server.c
CC ../../lib/mbedtls/library/timing.c
CC ../../lib/mbedtls/library/x509.c
CC ../../lib/mbedtls/library/x509_create.c
CC ../../lib/mbedtls/library/x509_crl.c
CC ../../lib/mbedtls/library/x509_crt.c
CC ../../lib/mbedtls/library/x509_csr.c
CC ../../lib/mbedtls/library/x509write_crt.c
CC ../../lib/mbedtls/library/x509write_csr.c
CC ../../shared/netutils/netutils.c
CC ../../lib/lwip/src/apps/mdns/mdns.c
CC ../../lib/lwip/src/apps/mdns/mdns_domain.c
CC ../../lib/lwip/src/apps/mdns/mdns_out.c
CC ../../lib/lwip/src/core/def.c
CC ../../lib/lwip/src/core/dns.c
CC ../../lib/lwip/src/core/inet_chksum.c
CC ../../lib/lwip/src/core/init.c
CC ../../lib/lwip/src/core/ip.c
CC ../../lib/lwip/src/core/mem.c
CC ../../lib/lwip/src/core/memp.c
CC ../../lib/lwip/src/core/netif.c
CC ../../lib/lwip/src/core/pbuf.c
CC ../../lib/lwip/src/core/raw.c
CC ../../lib/lwip/src/core/stats.c
CC ../../lib/lwip/src/core/sys.c
CC ../../lib/lwip/src/core/tcp.c
CC ../../lib/lwip/src/core/tcp_in.c
CC ../../lib/lwip/src/core/tcp_out.c
CC ../../lib/lwip/src/core/timeouts.c
CC ../../lib/lwip/src/core/udp.c
CC ../../lib/lwip/src/core/ipv4/acd.c
CC ../../lib/lwip/src/core/ipv4/autoip.c
CC ../../lib/lwip/src/core/ipv4/dhcp.c
CC ../../lib/lwip/src/core/ipv4/etharp.c
CC ../../lib/lwip/src/core/ipv4/icmp.c
CC ../../lib/lwip/src/core/ipv4/igmp.c
CC ../../lib/lwip/src/core/ipv4/ip4_addr.c
CC ../../lib/lwip/src/core/ipv4/ip4.c
CC ../../lib/lwip/src/core/ipv4/ip4_frag.c
CC ../../lib/lwip/src/core/ipv6/dhcp6.c
CC ../../lib/lwip/src/core/ipv6/ethip6.c
CC ../../lib/lwip/src/core/ipv6/icmp6.c
CC ../../lib/lwip/src/core/ipv6/inet6.c
CC ../../lib/lwip/src/core/ipv6/ip6_addr.c
CC ../../lib/lwip/src/core/ipv6/ip6.c
CC ../../lib/lwip/src/core/ipv6/ip6_frag.c
CC ../../lib/lwip/src/core/ipv6/mld6.c
CC ../../lib/lwip/src/core/ipv6/nd6.c
CC ../../lib/lwip/src/netif/ethernet.c
CC ../../lib/lwip/src/netif/ppp/auth.c
CC ../../lib/lwip/src/netif/ppp/ccp.c
CC ../../lib/lwip/src/netif/ppp/chap-md5.c
CC ../../lib/lwip/src/netif/ppp/chap_ms.c
CC ../../lib/lwip/src/netif/ppp/chap-new.c
CC ../../lib/lwip/src/netif/ppp/demand.c
CC ../../lib/lwip/src/netif/ppp/eap.c
CC ../../lib/lwip/src/netif/ppp/ecp.c
CC ../../lib/lwip/src/netif/ppp/eui64.c
CC ../../lib/lwip/src/netif/ppp/fsm.c
CC ../../lib/lwip/src/netif/ppp/ipcp.c
CC ../../lib/lwip/src/netif/ppp/ipv6cp.c
CC ../../lib/lwip/src/netif/ppp/lcp.c
CC ../../lib/lwip/src/netif/ppp/magic.c
CC ../../lib/lwip/src/netif/ppp/mppe.c
CC ../../lib/lwip/src/netif/ppp/multilink.c
CC ../../lib/lwip/src/netif/ppp/polarssl/md5.c
CC ../../lib/lwip/src/netif/ppp/pppapi.c
CC ../../lib/lwip/src/netif/ppp/ppp.c
CC ../../lib/lwip/src/netif/ppp/pppcrypt.c
CC ../../lib/lwip/src/netif/ppp/pppoe.c
CC ../../lib/lwip/src/netif/ppp/pppol2tp.c
CC ../../lib/lwip/src/netif/ppp/pppos.c
CC ../../lib/lwip/src/netif/ppp/upap.c
CC ../../lib/lwip/src/netif/ppp/utils.c
CC ../../lib/lwip/src/netif/ppp/vj.c
CC mbedtls/mbedtls_port.c
CC ../../lib/libm/math.c
CC ../../lib/libm/acoshf.c
CC ../../lib/libm/asinfacosf.c
CC ../../lib/libm/asinhf.c
CC ../../lib/libm/atan2f.c
CC ../../lib/libm/atanf.c
CC ../../lib/libm/atanhf.c
CC ../../lib/libm/ef_rem_pio2.c
CC ../../lib/libm/erf_lgamma.c
CC ../../lib/libm/fmodf.c
CC ../../lib/libm/kf_cos.c
CC ../../lib/libm/kf_rem_pio2.c
CC ../../lib/libm/kf_sin.c
CC ../../lib/libm/kf_tan.c
CC ../../lib/libm/log1pf.c
CC ../../lib/libm/nearbyintf.c
CC ../../lib/libm/roundf.c
CC ../../lib/libm/sf_cos.c
CC ../../lib/libm/sf_erf.c
CC ../../lib/libm/sf_frexp.c
CC ../../lib/libm/sf_ldexp.c
CC ../../lib/libm/sf_modf.c
CC ../../lib/libm/sf_sin.c
CC ../../lib/libm/sf_tan.c
CC ../../lib/libm/wf_lgamma.c
CC ../../lib/libm/wf_tgamma.c
CC ../../lib/libm/thumb_vfp_sqrtf.c
CC ../../shared/libc/string0.c
CC ../../shared/netutils/dhcpserver.c
CC ../../shared/netutils/trace.c
CC ../../shared/readline/readline.c
CC ../../shared/runtime/gchelper_native.c
CC ../../shared/runtime/interrupt_char.c
CC ../../shared/runtime/mpirq.c
CC ../../shared/runtime/pyexec.c
CC ../../shared/runtime/softtimer.c
CC ../../shared/runtime/stdout_helpers.c
CC ../../shared/runtime/sys_stdio_mphal.c
CC ../../shared/timeutils/timeutils.c
CC ../../shared/tinyusb/mp_usbd.c
CC ../../shared/tinyusb/mp_usbd_cdc.c
CC ../../shared/tinyusb/mp_usbd_descriptor.c
CC ../../drivers/bus/softspi.c
CC ../../drivers/bus/softqspi.c
CC ../../drivers/memory/spiflash.c
CC ../../drivers/dht/dht.c
CC ../../lib/fsp/ra/fsp/src/bsp/mcu/all/bsp_clocks.c
CC ../../lib/fsp/ra/fsp/src/bsp/mcu/all/bsp_common.c
CC ../../lib/fsp/ra/fsp/src/bsp/mcu/all/bsp_delay.c
CC ../../lib/fsp/ra/fsp/src/bsp/mcu/all/bsp_group_irq.c
CC ../../lib/fsp/ra/fsp/src/bsp/mcu/all/bsp_guard.c
CC ../../lib/fsp/ra/fsp/src/bsp/mcu/all/bsp_io.c
CC ../../lib/fsp/ra/fsp/src/bsp/mcu/all/bsp_irq.c
CC ../../lib/fsp/ra/fsp/src/bsp/mcu/all/bsp_register_protection.c
CC ../../lib/fsp/ra/fsp/src/bsp/mcu/all/bsp_rom_registers.c
CC ../../lib/fsp/ra/fsp/src/bsp/mcu/all/bsp_sbrk.c
CC ../../lib/fsp/ra/fsp/src/bsp/mcu/all/bsp_security.c
CC ../../lib/fsp/ra/fsp/src/r_ioport/r_ioport.c
CC ../../lib/fsp/ra/fsp/src/r_sci_uart/r_sci_uart.c
CC ../../lib/fsp/ra/fsp/src/r_qspi/r_qspi.c
CC ../../lib/fsp/ra/fsp/src/r_sdhi/r_sdhi.c
CC ../../lib/fsp/ra/fsp/src/r_dtc/r_dtc.c
CC ../../lib/fsp/ra/fsp/src/r_ether_phy/targets/ICS1894/r_ether_phy_target_ics1894.c
CC ../../lib/fsp/ra/fsp/src/r_ether_phy/r_ether_phy.c
CC ../../lib/fsp/ra/fsp/src/r_ether/r_ether.c
CC ../../lib/fsp/ra/fsp/src/r_lpm/r_lpm.c
CC ../../lib/fsp/ra/fsp/src/r_flash_hp/r_flash_hp.c
CC ra/ra_adc.c
CC ra/ra_dac.c
CC ra/ra_flash.c
CC ra/ra_gpio.c
CC ra/ra_i2c.c
CC ra/ra_icu.c
CC ra/ra_init.c
CC ra/ra_int.c
CC ra/ra_rtc.c
CC ra/ra_sci.c
CC ra/ra_spi.c
CC ra/ra_timer.c
CC ra/ra_gpt.c
CC ra/ra_utils.c
CC ../../lib/fsp/ra/fsp/src/r_sce_protected/crypto_procedures_protected/src/sce9//public/r_sce.c
CC ../../lib/fsp/ra/fsp/src/r_sce_protected/crypto_procedures_protected/src/sce9//public/r_sce_ecc.c
CC ../../lib/fsp/ra/fsp/src/r_sce_protected/crypto_procedures_protected/src/sce9//public/r_sce_sha.c
CC ../../lib/fsp/ra/fsp/src/r_sce_protected/crypto_procedures_protected/src/sce9//public/r_sce_aes.c
CC ../../lib/fsp/ra/fsp/src/r_sce_protected/crypto_procedures_protected/src/sce9//private/r_sce_private.c
CC ../../lib/fsp/ra/fsp/src/r_sce_protected/crypto_procedures_protected/src/sce9//primitive/r_sce_p00.c
CC ../../lib/fsp/ra/fsp/src/r_sce_protected/crypto_procedures_protected/src/sce9//primitive/r_sce_p20.c
CC ../../lib/fsp/ra/fsp/src/r_sce_protected/crypto_procedures_protected/src/sce9//primitive/r_sce_p26.c
CC ../../lib/fsp/ra/fsp/src/r_sce_protected/crypto_procedures_protected/src/sce9//primitive/r_sce_p81.c
CC ../../lib/fsp/ra/fsp/src/r_sce_protected/crypto_procedures_protected/src/sce9//primitive/r_sce_p82.c
CC ../../lib/fsp/ra/fsp/src/r_sce_protected/crypto_procedures_protected/src/sce9//primitive/r_sce_p92.c
CC ../../lib/fsp/ra/fsp/src/r_sce_protected/crypto_procedures_protected/src/sce9//primitive/r_sce_p40.c
CC ../../lib/fsp/ra/fsp/src/r_sce_protected/crypto_procedures_protected/src/sce9//primitive/r_sce_func050.c
CC ../../lib/fsp/ra/fsp/src/r_sce_protected/crypto_procedures_protected/src/sce9//primitive/r_sce_func051.c
CC ../../lib/fsp/ra/fsp/src/r_sce_protected/crypto_procedures_protected/src/sce9//primitive/r_sce_func052.c
CC ../../lib/fsp/ra/fsp/src/r_sce_protected/crypto_procedures_protected/src/sce9//primitive/r_sce_func053.c
CC ../../lib/fsp/ra/fsp/src/r_sce_protected/crypto_procedures_protected/src/sce9//primitive/r_sce_func054.c
CC ../../lib/fsp/ra/fsp/src/r_sce_protected/crypto_procedures_protected/src/sce9//primitive/r_sce_func100.c
CC ../../lib/fsp/ra/fsp/src/r_sce_protected/crypto_procedures_protected/src/sce9//primitive/r_sce_func101.c
CC ../../lib/fsp/ra/fsp/src/r_sce_protected/crypto_procedures_protected/src/sce9//primitive/r_sce_func040.c
CC ../../lib/fsp/ra/fsp/src/r_sce_protected/crypto_procedures_protected/src/sce9//primitive/r_sce_func048.c
CC ../../lib/fsp/ra/fsp/src/r_sce_protected/crypto_procedures_protected/src/sce9//primitive/r_sce_func102.c
CC ../../lib/fsp/ra/fsp/src/r_sce_protected/crypto_procedures_protected/src/sce9//primitive/r_sce_func103.c
CC ../../lib/fsp/ra/fsp/src/r_sce_protected/crypto_procedures_protected/src/sce9//primitive/r_sce_subprc01.c
CC ../../lib/tinyusb/src/class/cdc/cdc_device.c
CC ../../lib/tinyusb/src/class/dfu/dfu_rt_device.c
CC ../../lib/tinyusb/src/class/hid/hid_device.c
CC ../../lib/tinyusb/src/class/midi/midi_device.c
CC ../../lib/tinyusb/src/class/msc/msc_device.c
CC ../../lib/tinyusb/src/class/usbtmc/usbtmc_device.c
CC ../../lib/tinyusb/src/class/vendor/vendor_device.c
CC ../../lib/tinyusb/src/common/tusb_fifo.c
CC ../../lib/tinyusb/src/device/usbd.c
CC ../../lib/tinyusb/src/device/usbd_control.c
CC ../../lib/tinyusb/src/portable/renesas/rusb2/dcd_rusb2.c
CC ../../lib/tinyusb/src/portable/renesas/rusb2/hcd_rusb2.c
CC ../../lib/tinyusb/src/portable/renesas/rusb2/rusb2_common.c
CC ../../lib/tinyusb/src/tusb.c
CC boardctrl.c
CC main.c
CC ra_hal.c
CC ra_it.c
CC rng.c
CC mphalport.c
CC mpnetworkport.c
CC mpthreadport.c
CC irq.c
CC pendsv.c
CC systick.c
CC powerctrl.c
CC powerctrlboot.c
CC pybthread.c
CC factoryreset.c
CC timer.c
CC led.c
CC uart.c
CC gccollect.c
CC help.c
CC machine_dac.c
CC machine_i2c.c
CC machine_spi.c
CC machine_pin.c
CC machine_rtc.c
CC machine_sdcard.c
CC network_lan.c
CC eth.c
CC extint.c
CC usrsw.c
CC flash.c
CC flashbdev.c
CC storage.c
CC fatfs_port.c
CC usbd.c
CC boards/VK_RA6M5/ra_gen/common_data.c
CC boards/VK_RA6M5/ra_gen/hal_data.c
CC boards/VK_RA6M5/ra_gen/pin_data.c
CC boards/VK_RA6M5/ra_gen/vector_data.c
CC ../../lib/fsp/ra/fsp/src/bsp/cmsis/Device/RENESAS/Source/startup.c
CC ../../lib/fsp/ra/fsp/src/bsp/cmsis/Device/RENESAS/Source/system.c
AS ../../shared/runtime/gchelper_thumb2.s
CC build-VK_RA6M5/pins_VK_RA6M5.c
CC build-VK_RA6M5/frozen_content.c
  GEN     objects.rsp
LINK build-VK_RA6M5/firmware.elf
GEN build-VK_RA6M5/firmware.hex
GEN build-VK_RA6M5/firmware.bin
