Use make V=1 or set BUILD_VERBOSE in your environment to increase build verbosity.
mkdir -p build-VK_RA6M5/genhdr
patch LVGL...
git -C ../../lib/lv_bindings apply --directory lvgl ../../lib/lv_bindings/patch/fix_GC.patch || true
LVGL-GEN build-VK_RA6M5/lvgl/lv_mpy.c
fatal: not a git repository: /home/teodor/vkth_micropython/lib/lv_bindings/../../.git/modules/lib/lv_bindings
GEN build-VK_RA6M5/pins_VK_RA6M5.c
mkdir -p build-VK_RA6M5/boards/VK_RA6M5/ra_gen/
mkdir -p build-VK_RA6M5/build-VK_RA6M5/lvgl/
mkdir -p build-VK_RA6M5/drivers/bus/
mkdir -p build-VK_RA6M5/drivers/dht/
mkdir -p build-VK_RA6M5/drivers/memory/
mkdir -p build-VK_RA6M5/extmod/
mkdir -p build-VK_RA6M5/extmod/mbedtls/
mkdir -p build-VK_RA6M5/lib/fsp/ra/fsp/src/bsp/cmsis/Device/RENESAS/Source/
mkdir -p build-VK_RA6M5/lib/fsp/ra/fsp/src/bsp/mcu/all/
mkdir -p build-VK_RA6M5/lib/fsp/ra/fsp/src/r_dtc/
mkdir -p build-VK_RA6M5/lib/fsp/ra/fsp/src/r_ether/
mkdir -p build-VK_RA6M5/lib/fsp/ra/fsp/src/r_ether_phy/
mkdir -p build-VK_RA6M5/lib/fsp/ra/fsp/src/r_ether_phy/targets/ICS1894/
mkdir -p build-VK_RA6M5/lib/fsp/ra/fsp/src/r_flash_hp/
mkdir -p build-VK_RA6M5/lib/fsp/ra/fsp/src/r_ioport/
mkdir -p build-VK_RA6M5/lib/fsp/ra/fsp/src/r_lpm/
mkdir -p build-VK_RA6M5/lib/fsp/ra/fsp/src/r_ospi/
mkdir -p build-VK_RA6M5/lib/fsp/ra/fsp/src/r_qspi/
mkdir -p build-VK_RA6M5/lib/fsp/ra/fsp/src/r_sce_protected/crypto_procedures_protected/src/sce9//primitive/
mkdir -p build-VK_RA6M5/lib/fsp/ra/fsp/src/r_sce_protected/crypto_procedures_protected/src/sce9//private/
mkdir -p build-VK_RA6M5/lib/fsp/ra/fsp/src/r_sce_protected/crypto_procedures_protected/src/sce9//public/
mkdir -p build-VK_RA6M5/lib/fsp/ra/fsp/src/r_sci_uart/
mkdir -p build-VK_RA6M5/lib/fsp/ra/fsp/src/r_sdhi/
mkdir -p build-VK_RA6M5/lib/libm/
mkdir -p build-VK_RA6M5/lib/lv_bindings/lvgl/src/core/
mkdir -p build-VK_RA6M5/lib/lv_bindings/lvgl/src/dev/disp/drm/
mkdir -p build-VK_RA6M5/lib/lv_bindings/lvgl/src/dev/disp/fb/
mkdir -p build-VK_RA6M5/lib/lv_bindings/lvgl/src/dev/sdl/
mkdir -p build-VK_RA6M5/lib/lv_bindings/lvgl/src/draw/
mkdir -p build-VK_RA6M5/lib/lv_bindings/lvgl/src/draw/arm2d/
mkdir -p build-VK_RA6M5/lib/lv_bindings/lvgl/src/draw/gd32_ipa/
mkdir -p build-VK_RA6M5/lib/lv_bindings/lvgl/src/draw/nxp/pxp/
mkdir -p build-VK_RA6M5/lib/lv_bindings/lvgl/src/draw/nxp/vglite/
mkdir -p build-VK_RA6M5/lib/lv_bindings/lvgl/src/draw/sdl/
mkdir -p build-VK_RA6M5/lib/lv_bindings/lvgl/src/draw/stm32_dma2d/
mkdir -p build-VK_RA6M5/lib/lv_bindings/lvgl/src/draw/sw/
mkdir -p build-VK_RA6M5/lib/lv_bindings/lvgl/src/draw/swm341_dma2d/
mkdir -p build-VK_RA6M5/lib/lv_bindings/lvgl/src/font/
mkdir -p build-VK_RA6M5/lib/lv_bindings/lvgl/src/hal/
mkdir -p build-VK_RA6M5/lib/lv_bindings/lvgl/src/layouts/flex/
mkdir -p build-VK_RA6M5/lib/lv_bindings/lvgl/src/layouts/grid/
mkdir -p build-VK_RA6M5/lib/lv_bindings/lvgl/src/libs/barcode/
mkdir -p build-VK_RA6M5/lib/lv_bindings/lvgl/src/libs/bmp/
mkdir -p build-VK_RA6M5/lib/lv_bindings/lvgl/src/libs/ffmpeg/
mkdir -p build-VK_RA6M5/lib/lv_bindings/lvgl/src/libs/freetype/
mkdir -p build-VK_RA6M5/lib/lv_bindings/lvgl/src/libs/fsdrv/
mkdir -p build-VK_RA6M5/lib/lv_bindings/lvgl/src/libs/gif/
mkdir -p build-VK_RA6M5/lib/lv_bindings/lvgl/src/libs/png/
mkdir -p build-VK_RA6M5/lib/lv_bindings/lvgl/src/libs/qrcode/
mkdir -p build-VK_RA6M5/lib/lv_bindings/lvgl/src/libs/rlottie/
mkdir -p build-VK_RA6M5/lib/lv_bindings/lvgl/src/libs/sjpg/
mkdir -p build-VK_RA6M5/lib/lv_bindings/lvgl/src/libs/tiny_ttf/
mkdir -p build-VK_RA6M5/lib/lv_bindings/lvgl/src/misc/
mkdir -p build-VK_RA6M5/lib/lv_bindings/lvgl/src/others/file_explorer/
mkdir -p build-VK_RA6M5/lib/lv_bindings/lvgl/src/others/fragment/
mkdir -p build-VK_RA6M5/lib/lv_bindings/lvgl/src/others/gridnav/
mkdir -p build-VK_RA6M5/lib/lv_bindings/lvgl/src/others/ime/
mkdir -p build-VK_RA6M5/lib/lv_bindings/lvgl/src/others/imgfont/
mkdir -p build-VK_RA6M5/lib/lv_bindings/lvgl/src/others/monkey/
mkdir -p build-VK_RA6M5/lib/lv_bindings/lvgl/src/others/msg/
mkdir -p build-VK_RA6M5/lib/lv_bindings/lvgl/src/others/snapshot/
mkdir -p build-VK_RA6M5/lib/lv_bindings/lvgl/src/others/sysmon/
mkdir -p build-VK_RA6M5/lib/lv_bindings/lvgl/src/themes/basic/
mkdir -p build-VK_RA6M5/lib/lv_bindings/lvgl/src/themes/default/
mkdir -p build-VK_RA6M5/lib/lv_bindings/lvgl/src/themes/mono/
mkdir -p build-VK_RA6M5/lib/lv_bindings/lvgl/src/widgets/animimg/
mkdir -p build-VK_RA6M5/lib/lv_bindings/lvgl/src/widgets/arc/
mkdir -p build-VK_RA6M5/lib/lv_bindings/lvgl/src/widgets/bar/
mkdir -p build-VK_RA6M5/lib/lv_bindings/lvgl/src/widgets/btn/
mkdir -p build-VK_RA6M5/lib/lv_bindings/lvgl/src/widgets/btnmatrix/
mkdir -p build-VK_RA6M5/lib/lv_bindings/lvgl/src/widgets/calendar/
mkdir -p build-VK_RA6M5/lib/lv_bindings/lvgl/src/widgets/canvas/
mkdir -p build-VK_RA6M5/lib/lv_bindings/lvgl/src/widgets/chart/
mkdir -p build-VK_RA6M5/lib/lv_bindings/lvgl/src/widgets/checkbox/
mkdir -p build-VK_RA6M5/lib/lv_bindings/lvgl/src/widgets/colorwheel/
mkdir -p build-VK_RA6M5/lib/lv_bindings/lvgl/src/widgets/dropdown/
mkdir -p build-VK_RA6M5/lib/lv_bindings/lvgl/src/widgets/img/
mkdir -p build-VK_RA6M5/lib/lv_bindings/lvgl/src/widgets/imgbtn/
mkdir -p build-VK_RA6M5/lib/lv_bindings/lvgl/src/widgets/keyboard/
mkdir -p build-VK_RA6M5/lib/lv_bindings/lvgl/src/widgets/label/
mkdir -p build-VK_RA6M5/lib/lv_bindings/lvgl/src/widgets/led/
mkdir -p build-VK_RA6M5/lib/lv_bindings/lvgl/src/widgets/line/
mkdir -p build-VK_RA6M5/lib/lv_bindings/lvgl/src/widgets/list/
mkdir -p build-VK_RA6M5/lib/lv_bindings/lvgl/src/widgets/menu/
mkdir -p build-VK_RA6M5/lib/lv_bindings/lvgl/src/widgets/meter/
mkdir -p build-VK_RA6M5/lib/lv_bindings/lvgl/src/widgets/msgbox/
mkdir -p build-VK_RA6M5/lib/lv_bindings/lvgl/src/widgets/objx_templ/
mkdir -p build-VK_RA6M5/lib/lv_bindings/lvgl/src/widgets/roller/
mkdir -p build-VK_RA6M5/lib/lv_bindings/lvgl/src/widgets/slider/
mkdir -p build-VK_RA6M5/lib/lv_bindings/lvgl/src/widgets/span/
mkdir -p build-VK_RA6M5/lib/lv_bindings/lvgl/src/widgets/spinbox/
mkdir -p build-VK_RA6M5/lib/lv_bindings/lvgl/src/widgets/spinner/
mkdir -p build-VK_RA6M5/lib/lv_bindings/lvgl/src/widgets/switch/
mkdir -p build-VK_RA6M5/lib/lv_bindings/lvgl/src/widgets/table/
mkdir -p build-VK_RA6M5/lib/lv_bindings/lvgl/src/widgets/tabview/
mkdir -p build-VK_RA6M5/lib/lv_bindings/lvgl/src/widgets/textarea/
mkdir -p build-VK_RA6M5/lib/lv_bindings/lvgl/src/widgets/tileview/
mkdir -p build-VK_RA6M5/lib/lv_bindings/lvgl/src/widgets/win/
mkdir -p build-VK_RA6M5/lib/lwip/src/apps/mdns/
mkdir -p build-VK_RA6M5/lib/lwip/src/core/
mkdir -p build-VK_RA6M5/lib/lwip/src/core/ipv4/
mkdir -p build-VK_RA6M5/lib/lwip/src/core/ipv6/
mkdir -p build-VK_RA6M5/lib/lwip/src/netif/
mkdir -p build-VK_RA6M5/lib/lwip/src/netif/ppp/
mkdir -p build-VK_RA6M5/lib/lwip/src/netif/ppp/polarssl/
mkdir -p build-VK_RA6M5/lib/mbedtls/library/
mkdir -p build-VK_RA6M5/lib/mbedtls_errors/
mkdir -p build-VK_RA6M5/lib/oofatfs/
mkdir -p build-VK_RA6M5/lib/tinyusb/src/
mkdir -p build-VK_RA6M5/lib/tinyusb/src/class/cdc/
mkdir -p build-VK_RA6M5/lib/tinyusb/src/class/dfu/
mkdir -p build-VK_RA6M5/lib/tinyusb/src/class/hid/
mkdir -p build-VK_RA6M5/lib/tinyusb/src/class/midi/
mkdir -p build-VK_RA6M5/lib/tinyusb/src/class/msc/
mkdir -p build-VK_RA6M5/lib/tinyusb/src/class/usbtmc/
mkdir -p build-VK_RA6M5/lib/tinyusb/src/class/vendor/
mkdir -p build-VK_RA6M5/lib/tinyusb/src/common/
mkdir -p build-VK_RA6M5/lib/tinyusb/src/device/
mkdir -p build-VK_RA6M5/lib/tinyusb/src/portable/renesas/rusb2/
mkdir -p build-VK_RA6M5/mbedtls/
mkdir -p build-VK_RA6M5/py/
mkdir -p build-VK_RA6M5/ra/
mkdir -p build-VK_RA6M5/shared/libc/
mkdir -p build-VK_RA6M5/shared/netutils/
mkdir -p build-VK_RA6M5/shared/readline/
mkdir -p build-VK_RA6M5/shared/runtime/
mkdir -p build-VK_RA6M5/shared/timeutils/
mkdir -p build-VK_RA6M5/shared/tinyusb/
GEN build-VK_RA6M5/genhdr/mpversion.h
GEN build-VK_RA6M5/genhdr/qstr.i.last
GEN build-VK_RA6M5/genhdr/qstr.split
GEN build-VK_RA6M5/genhdr/moduledefs.split
GEN build-VK_RA6M5/genhdr/root_pointers.split
GEN build-VK_RA6M5/genhdr/compressed.split
GEN build-VK_RA6M5/genhdr/compressed.collected
Compressed data updated
GEN build-VK_RA6M5/genhdr/qstrdefs.collected.h
GEN build-VK_RA6M5/genhdr/root_pointers.collected
GEN build-VK_RA6M5/genhdr/compressed.data.h
GEN build-VK_RA6M5/genhdr/moduledefs.collected
Root pointer registrations updated
QSTR updated
GEN build-VK_RA6M5/genhdr/root_pointers.h
Module registrations updated
GEN build-VK_RA6M5/genhdr/qstrdefs.generated.h
GEN build-VK_RA6M5/genhdr/moduledefs.h
CC ../../py/mpstate.c
CC ../../py/nlr.c
CC ../../py/nlrx86.c
CC ../../py/nlrx64.c
CC ../../py/nlrthumb.c
CC ../../py/nlraarch64.c
CC ../../py/nlrmips.c
CC ../../py/nlrpowerpc.c
CC ../../py/nlrxtensa.c
CC ../../py/nlrrv32.c
CC ../../py/nlrrv64.c
CC ../../py/nlrsetjmp.c
CC ../../py/malloc.c
CC ../../py/gc.c
CC ../../py/pystack.c
CC ../../py/qstr.c
CC ../../py/vstr.c
CC ../../py/mpprint.c
CC ../../py/unicode.c
CC ../../py/mpz.c
CC ../../py/reader.c
CC ../../py/lexer.c
CC ../../py/parse.c
CC ../../py/scope.c
CC ../../py/compile.c
CC ../../py/emitcommon.c
CC ../../py/emitbc.c
CC ../../py/asmbase.c
CC ../../py/asmx64.c
CC ../../py/emitnx64.c
CC ../../py/asmx86.c
CC ../../py/emitnx86.c
CC ../../py/asmthumb.c
CC ../../py/emitnthumb.c
CC ../../py/emitinlinethumb.c
CC ../../py/asmarm.c
CC ../../py/emitnarm.c
CC ../../py/asmxtensa.c
CC ../../py/emitnxtensa.c
CC ../../py/emitinlinextensa.c
CC ../../py/emitnxtensawin.c
CC ../../py/asmrv32.c
CC ../../py/emitnrv32.c
CC ../../py/emitndebug.c
CC ../../py/formatfloat.c
CC ../../py/parsenumbase.c
CC ../../py/parsenum.c
CC ../../py/emitglue.c
CC ../../py/persistentcode.c
CC ../../py/runtime.c
CC ../../py/runtime_utils.c
CC ../../py/scheduler.c
CC ../../py/nativeglue.c
CC ../../py/pairheap.c
CC ../../py/ringbuf.c
CC ../../py/cstack.c
CC ../../py/stackctrl.c
CC ../../py/argcheck.c
CC ../../py/warning.c
CC ../../py/profile.c
CC ../../py/map.c
CC ../../py/obj.c
CC ../../py/objarray.c
CC ../../py/objattrtuple.c
CC ../../py/objbool.c
CC ../../py/objboundmeth.c
CC ../../py/objcell.c
CC ../../py/objclosure.c
CC ../../py/objcomplex.c
CC ../../py/objdeque.c
CC ../../py/objdict.c
CC ../../py/objenumerate.c
CC ../../py/objexcept.c
CC ../../py/objfilter.c
CC ../../py/objfloat.c
CC ../../py/objfun.c
CC ../../py/objgenerator.c
CC ../../py/objgetitemiter.c
CC ../../py/objint.c
CC ../../py/objint_longlong.c
CC ../../py/objint_mpz.c
CC ../../py/objlist.c
CC ../../py/objmap.c
CC ../../py/objmodule.c
CC ../../py/objobject.c
CC ../../py/objpolyiter.c
CC ../../py/objproperty.c
CC ../../py/objnone.c
CC ../../py/objnamedtuple.c
CC ../../py/objrange.c
CC ../../py/objreversed.c
CC ../../py/objringio.c
CC ../../py/objset.c
CC ../../py/objsingleton.c
CC ../../py/objslice.c
CC ../../py/objstr.c
CC ../../py/objstrunicode.c
CC ../../py/objstringio.c
CC ../../py/objtuple.c
CC ../../py/objtype.c
CC ../../py/objzip.c
CC ../../py/opmethods.c
CC ../../py/sequence.c
CC ../../py/stream.c
CC ../../py/binary.c
CC ../../py/builtinimport.c
CC ../../py/builtinevex.c
